<?xml version="1.0" encoding="UTF-8"?>
<testsuite xmlns:xsi="http://www.w3.org/2001/XMLSchema-instance" xsi:noNamespaceSchemaLocation="https://maven.apache.org/surefire/maven-surefire-plugin/xsd/surefire-test-report-3.0.xsd" version="3.0" name="ie.PassengerAssignment.PassengerTest" time="0.129" tests="12" errors="0" skipped="0" failures="0">
  <properties>
[...]
</properties>
  <testcase name="Test_InvalidAge" classname="ie.PassengerAssignment.PassengerTest" time="0.062">
    <system-out><![CDATA[Too young to fly seat not reserved
]]></system-out>
  </testcase>
  <testcase name="Test_InvalidID" classname="ie.PassengerAssignment.PassengerTest" time="0.006">
    <system-out><![CDATA[the id you have typed is invalid: 12349
]]></system-out>
  </testcase>
  <testcase name="Test_InvalidPhone" classname="ie.PassengerAssignment.PassengerTest" time="0.002">
    <system-out><![CDATA[phone you have typed is invalid: 1234
]]></system-out>
  </testcase>
  <testcase name="Test_InvalidTitle" classname="ie.PassengerAssignment.PassengerTest" time="0.002">
    <system-out><![CDATA[Error!, You must enter a correct title(Mr/Ms/Mrs). 
]]></system-out>
  </testcase>
  <testcase name="test_ValidMrTitle" classname="ie.PassengerAssignment.PassengerTest" time="0.001">
    <system-out><![CDATA[Title selected
]]></system-out>
  </testcase>
  <testcase name="test_ValidMsTitle" classname="ie.PassengerAssignment.PassengerTest" time="0.003">
    <system-out><![CDATA[Title selected
]]></system-out>
  </testcase>
  <testcase name="Test_InvalidName" classname="ie.PassengerAssignment.PassengerTest" time="0.002">
    <system-out><![CDATA[Error!, You must enter a Name(min 3 char). 
]]></system-out>
  </testcase>
  <testcase name="test_ValidID" classname="ie.PassengerAssignment.PassengerTest" time="0.001"/>
  <testcase name="test_ValidPhone" classname="ie.PassengerAssignment.PassengerTest" time="0"/>
  <testcase name="test_ValidName" classname="ie.PassengerAssignment.PassengerTest" time="0.001"/>
  <testcase name="test_ValidMrsTitle" classname="ie.PassengerAssignment.PassengerTest" time="0.001">
    <system-out><![CDATA[Title selected
]]></system-out>
  </testcase>
  <testcase name="test_ValidAge" classname="ie.PassengerAssignment.PassengerTest" time="0">
    <system-out><![CDATA[Seat Reserved(over 16)
]]></system-out>
  </testcase>
</testsuite>